Determining if the pthread_create exist failed with the following output:
Change Dir: /home/cho/catkin_ws/build/CMakeFiles/CMakeTmp

Run Build Command:/usr/bin/make "cmTryCompileExec474214756/fast"
/usr/bin/make -f CMakeFiles/cmTryCompileExec474214756.dir/build.make CMakeFiles/cmTryCompileExec474214756.dir/build
make[1]: Entering directory `/home/cho/catkin_ws/build/CMakeFiles/CMakeTmp'
/usr/bin/cmake -E cmake_progress_report /home/cho/catkin_ws/build/CMakeFiles/CMakeTmp/CMakeFiles 1
Building C object CMakeFiles/cmTryCompileExec474214756.dir/CheckSymbolExists.c.o
/usr/bin/cc    -o CMakeFiles/cmTryCompileExec474214756.dir/CheckSymbolExists.c.o   -c /home/cho/catkin_ws/build/CMakeFiles/CMakeTmp/CheckSymbolExists.c
Linking C executable cmTryCompileExec474214756
/usr/bin/cmake -E cmake_link_script CMakeFiles/cmTryCompileExec474214756.dir/link.txt --verbose=1
/usr/bin/cc       CMakeFiles/cmTryCompileExec474214756.dir/CheckSymbolExists.c.o  -o cmTryCompileExec474214756 -rdynamic 
CMakeFiles/cmTryCompileExec474214756.dir/CheckSymbolExists.c.o: In function `main':
CheckSymbolExists.c:(.text+0x16): undefined reference to `pthread_create'
collect2: error: ld returned 1 exit status
make[1]: *** [cmTryCompileExec474214756] Error 1
make[1]: Leaving directory `/home/cho/catkin_ws/build/CMakeFiles/CMakeTmp'
make: *** [cmTryCompileExec474214756/fast] Error 2

File /home/cho/catkin_ws/build/CMakeFiles/CMakeTmp/CheckSymbolExists.c:
/* */
#include <pthread.h>

int main(int argc, char** argv)
{
  (void)argv;
#ifndef pthread_create
  return ((int*)(&pthread_create))[argc];
#else
  (void)argc;
  return 0;
#endif
}

Determining if the function pthread_create exists in the pthreads failed with the following output:
Change Dir: /home/cho/catkin_ws/build/CMakeFiles/CMakeTmp

Run Build Command:/usr/bin/make "cmTryCompileExec1330832535/fast"
/usr/bin/make -f CMakeFiles/cmTryCompileExec1330832535.dir/build.make CMakeFiles/cmTryCompileExec1330832535.dir/build
make[1]: Entering directory `/home/cho/catkin_ws/build/CMakeFiles/CMakeTmp'
/usr/bin/cmake -E cmake_progress_report /home/cho/catkin_ws/build/CMakeFiles/CMakeTmp/CMakeFiles 1
Building C object CMakeFiles/cmTryCompileExec1330832535.dir/CheckFunctionExists.c.o
/usr/bin/cc   -DCHECK_FUNCTION_EXISTS=pthread_create   -o CMakeFiles/cmTryCompileExec1330832535.dir/CheckFunctionExists.c.o   -c /usr/share/cmake-2.8/Modules/CheckFunctionExists.c
Linking C executable cmTryCompileExec1330832535
/usr/bin/cmake -E cmake_link_script CMakeFiles/cmTryCompileExec1330832535.dir/link.txt --verbose=1
/usr/bin/cc   -DCHECK_FUNCTION_EXISTS=pthread_create    CMakeFiles/cmTryCompileExec1330832535.dir/CheckFunctionExists.c.o  -o cmTryCompileExec1330832535 -rdynamic -lpthreads 
/usr/bin/ld: cannot find -lpthreads
collect2: error: ld returned 1 exit status
make[1]: Leaving directory `/home/cho/catkin_ws/build/CMakeFiles/CMakeTmp'
make[1]: *** [cmTryCompileExec1330832535] Error 1
make: *** [cmTryCompileExec1330832535/fast] Error 2


